<?xml version="1.0" encoding="UTF-8"?>
<!-- Generated by org.testng.reporters.JUnitReportReporter -->
<testsuite hostname="DESKTOP-ET07LB4" failures="0" tests="1" name="Com.hrms.testscripts.TC_001" time="8.436" errors="0" timestamp="14 Nov 2023 09:50:05 GMT">
  <testcase classname="Com.hrms.testscripts.TC_001" name="TC_001" time="8.436"/>
</testsuite> <!-- Com.hrms.testscripts.TC_001 -->
